 ******Creating User****** 
 ******Created User****** 
 ******Reading User****** 
 ******Updating User****** 
 ******Updated User****** 
 ******Deleting User****** 
 ******Deleted User****** 
 ******Creating User****** 
 ******Created User****** 
 ******Reading User****** 
 ******Got User****** 
 ******Updating User****** 
 ******Updated User****** 
 ******Deleting User****** 
 ******Deleted User****** 
 ******Creating User****** 
 ******Created User****** 
 ******Reading User****** 
 ******Updating User****** 
 ******Updated User****** 
 ******Deleting User****** 
 ******Creating User****** 
 ******Created User****** 
 ******Reading User****** 
 ******Updating User****** 
 ******Updated User****** 
 ******Deleting User****** 
 ******Creating User****** 
 ******Created User****** 
 ******Reading User****** 
 ******Updating User****** 
 ******Updated User****** 
 ******Deleting User****** 
 ******Creating User****** 
 ******Created User****** 
 ******Reading User****** 
 ******Got User****** 
 ******Updating User****** 
 ******Updated User****** 
 ******Deleting User****** 
 ******Deleted User****** 
 ******Creating User****** 
 ******Created User****** 
 ******Reading User****** 
 ******Got User****** 
 ******Updating User****** 
 ******Updated User****** 
 ******Deleting User****** 
 ******Creating User****** 
 ******Created User****** 
 ******Reading User****** 
 ******Updating User****** 
 ******Updated User****** 
 ******Deleting User****** 
